\BOOKMARK [0][-]{chapter*.3}{\376\377\000I\000n\000t\000r\000o\000d\000u\000c\000t\000i\000o\000n}{}% 1
\BOOKMARK [0][-]{chapter.1}{\376\377\000P\000a\000r\000t\000i\000e\000\040\000I\000\040\000:\000\040\000I\000n\000f\000r\000a\000s\000t\000r\000u\000c\000t\000u\000r\000e\000\040\000a\000s\000\040\000C\000o\000d\000e\000\040\000L\000o\000c\000a\000l\000e}{}% 2
\BOOKMARK [1][-]{section.1.1}{\376\377\000S\000t\000r\000u\000c\000t\000u\000r\000e\000\040\000d\000u\000\040\000P\000r\000o\000j\000e\000t}{chapter.1}% 3
\BOOKMARK [1][-]{section.1.2}{\376\377\000C\000o\000n\000t\000e\000n\000e\000u\000r\000i\000s\000a\000t\000i\000o\000n\000\040\000d\000e\000\040\000l\000'\000A\000p\000p\000l\000i\000c\000a\000t\000i\000o\000n\000\040\000\050\000D\000o\000c\000k\000e\000r\000f\000i\000l\000e\000\137\000a\000p\000p\000\051}{chapter.1}% 4
\BOOKMARK [1][-]{section.1.3}{\376\377\000D\000\351\000f\000i\000n\000i\000t\000i\000o\000n\000\040\000T\000e\000r\000r\000a\000f\000o\000r\000m}{chapter.1}% 5
\BOOKMARK [2][-]{subsection.1.3.1}{\376\377\000v\000a\000r\000i\000a\000b\000l\000e\000s\000.\000t\000f}{section.1.3}% 6
\BOOKMARK [2][-]{subsection.1.3.2}{\376\377\000m\000a\000i\000n\000.\000t\000f}{section.1.3}% 7
\BOOKMARK [2][-]{subsection.1.3.3}{\376\377\000o\000u\000t\000p\000u\000t\000s\000.\000t\000f}{section.1.3}% 8
\BOOKMARK [1][-]{section.1.4}{\376\377\000E\000x\000\351\000c\000u\000t\000i\000o\000n\000\040\000d\000u\000\040\000C\000y\000c\000l\000e\000\040\000d\000e\000\040\000V\000i\000e\000\040\000d\000u\000\040\000D\000\351\000p\000l\000o\000i\000e\000m\000e\000n\000t\000\040\000\050\000D\000L\000C\000\051}{chapter.1}% 9
\BOOKMARK [2][-]{subsection.1.4.1}{\376\377\000\311\000t\000a\000p\000e\000\040\0001\000\040\000:\000\040\000I\000n\000i\000t\000i\000a\000l\000i\000s\000a\000t\000i\000o\000n\000\040\000\050\000t\000e\000r\000r\000a\000f\000o\000r\000m\000\040\000i\000n\000i\000t\000\051}{section.1.4}% 10
\BOOKMARK [2][-]{subsection.1.4.2}{\376\377\000\311\000t\000a\000p\000e\000\040\0002\000\040\000:\000\040\000P\000l\000a\000n\000i\000f\000i\000c\000a\000t\000i\000o\000n\000\040\000\050\000t\000e\000r\000r\000a\000f\000o\000r\000m\000\040\000p\000l\000a\000n\000\051}{section.1.4}% 11
\BOOKMARK [2][-]{subsection.1.4.3}{\376\377\000\311\000t\000a\000p\000e\000\040\0003\000\040\000:\000\040\000A\000p\000p\000l\000i\000c\000a\000t\000i\000o\000n\000\040\000\050\000t\000e\000r\000r\000a\000f\000o\000r\000m\000\040\000a\000p\000p\000l\000y\000\051}{section.1.4}% 12
\BOOKMARK [2][-]{subsection.1.4.4}{\376\377\000\311\000t\000a\000p\000e\000\040\0004\000\040\000:\000\040\000V\000a\000l\000i\000d\000a\000t\000i\000o\000n}{section.1.4}% 13
\BOOKMARK [2][-]{subsection.1.4.5}{\376\377\000\311\000t\000a\000p\000e\000\040\0005\000\040\000:\000\040\000D\000e\000s\000t\000r\000u\000c\000t\000i\000o\000n\000\040\000\050\000t\000e\000r\000r\000a\000f\000o\000r\000m\000\040\000d\000e\000s\000t\000r\000o\000y\000\051}{section.1.4}% 14
\BOOKMARK [0][-]{chapter.2}{\376\377\000P\000a\000r\000t\000i\000e\000\040\000I\000I\000\040\000:\000\040\000P\000i\000p\000e\000l\000i\000n\000e\000\040\000C\000I\000/\000C\000D\000\040\000G\000i\000t\000H\000u\000b\000\040\000A\000c\000t\000i\000o\000n\000s}{}% 15
\BOOKMARK [1][-]{section.2.1}{\376\377\000C\000o\000n\000t\000e\000x\000t\000e\000\040\000e\000t\000\040\000A\000r\000c\000h\000i\000t\000e\000c\000t\000u\000r\000e\000\040\000d\000u\000\040\000P\000i\000p\000e\000l\000i\000n\000e}{chapter.2}% 16
\BOOKMARK [1][-]{section.2.2}{\376\377\000C\000o\000n\000f\000i\000g\000u\000r\000a\000t\000i\000o\000n\000\040\000d\000u\000\040\000P\000i\000p\000e\000l\000i\000n\000e\000\040\000\050\000m\000a\000i\000n\000.\000y\000m\000l\000\051}{chapter.2}% 17
\BOOKMARK [1][-]{section.2.3}{\376\377\000C\000o\000n\000f\000i\000g\000u\000r\000a\000t\000i\000o\000n\000\040\000d\000u\000\040\000S\000e\000c\000r\000e\000t\000\040\000G\000i\000t\000H\000u\000b}{chapter.2}% 18
\BOOKMARK [1][-]{section.2.4}{\376\377\000E\000x\000\351\000c\000u\000t\000i\000o\000n\000\040\000e\000t\000\040\000V\000a\000l\000i\000d\000a\000t\000i\000o\000n\000\040\000d\000u\000\040\000P\000i\000p\000e\000l\000i\000n\000e}{chapter.2}% 19
\BOOKMARK [2][-]{subsection.2.4.1}{\376\377\000P\000r\000e\000m\000i\000e\000r\000\040\000d\000\351\000c\000l\000e\000n\000c\000h\000e\000m\000e\000n\000t}{section.2.4}% 20
\BOOKMARK [2][-]{subsection.2.4.2}{\376\377\000V\000a\000l\000i\000d\000a\000t\000i\000o\000n\000\040\000p\000a\000r\000\040\000m\000o\000d\000i\000f\000i\000c\000a\000t\000i\000o\000n\000\040\000d\000'\000u\000n\000e\000\040\000v\000a\000r\000i\000a\000b\000l\000e}{section.2.4}% 21
\BOOKMARK [0][-]{chapter.3}{\376\377\000Q\000u\000e\000s\000t\000i\000o\000n\000s\000\040\000d\000'\000A\000p\000p\000r\000o\000f\000o\000n\000d\000i\000s\000s\000e\000m\000e\000n\000t}{}% 22
\BOOKMARK [1][-]{section.3.1}{\376\377\000I\000m\000p\000a\000c\000t\000\040\000d\000e\000\040\000t\000e\000r\000r\000a\000f\000o\000r\000m\000\040\000d\000e\000s\000t\000r\000o\000y\000\040\000s\000u\000r\000\040\000t\000e\000r\000r\000a\000f\000o\000r\000m\000.\000t\000f\000s\000t\000a\000t\000e}{chapter.3}% 23
\BOOKMARK [1][-]{section.3.2}{\376\377\000I\000m\000m\000u\000a\000b\000i\000l\000i\000t\000\351\000\040\000d\000e\000\040\000l\000'\000I\000n\000f\000r\000a\000s\000t\000r\000u\000c\000t\000u\000r\000e}{chapter.3}% 24
\BOOKMARK [1][-]{section.3.3}{\376\377\000R\000\364\000l\000e\000\040\000d\000e\000\040\000l\000'\000\311\000t\000a\000p\000e\000\040\000P\000l\000a\000n\000\040\000c\000o\000m\000m\000e\000\040\000G\000a\000t\000e\000\040\000d\000u\000\040\000D\000L\000C}{chapter.3}% 25
\BOOKMARK [1][-]{section.3.4}{\376\377\000R\000\351\000s\000e\000a\000u\000\040\000D\000o\000c\000k\000e\000r\000\040\000c\000o\000m\000m\000e\000\040\000R\000e\000s\000s\000o\000u\000r\000c\000e\000\040\000T\000e\000r\000r\000a\000f\000o\000r\000m}{chapter.3}% 26
\BOOKMARK [0][-]{chapter*.15}{\376\377\000C\000o\000n\000c\000l\000u\000s\000i\000o\000n}{}% 27
